<?xml version="1.0" encoding="UTF-8"?>
<!-- Generated by org.testng.reporters.JUnitReportReporter -->
<testsuite skipped="0" hostname="MYPC" name="saucelab.Login" tests="9" failures="0" timestamp="13 Jul 2021 04:12:37 GMT" time="20.867" errors="0">
  <testcase name="tc1nLogin" time="0.562" classname="saucelab.Login"/>
  <testcase name="tc1nLogin" time="0.610" classname="saucelab.Login"/>
  <testcase name="tc1nLogin" time="0.440" classname="saucelab.Login"/>
  <testcase name="tc2pLogin" time="2.155" classname="saucelab.Login"/>
  <testcase name="tc2pLogin" time="0.486" classname="saucelab.Login"/>
  <testcase name="tc2pLogin" time="10.265" classname="saucelab.Login"/>
  <testcase name="tc2pLogin" time="0.565" classname="saucelab.Login"/>
  <testcase name="tc1nLogin" time="4.770" classname="saucelab.Login"/>
  <testcase name="tc1nLogin" time="1.014" classname="saucelab.Login"/>
</testsuite> <!-- saucelab.Login -->
