<?xml version="1.0" encoding="UTF-8"?>
<!-- Generated by org.testng.reporters.JUnitReportReporter -->
<testsuite skipped="0" hostname="MYPC" name="saucelab.CartTest" tests="10" failures="0" timestamp="13 Jul 2021 04:12:37 GMT" time="17.248" errors="0">
  <testcase name="tc12validatecheckoutcredentials" time="0.806" classname="saucelab.CartTest"/>
  <testcase name="tc10ValidatingCartpage" time="1.404" classname="saucelab.CartTest"/>
  <testcase name="tc12validatecheckoutcredentials" time="4.165" classname="saucelab.CartTest"/>
  <testcase name="tc13CheckoutwithMultipleProducts" time="2.634" classname="saucelab.CartTest"/>
  <testcase name="tc12validatecheckoutcredentials" time="1.163" classname="saucelab.CartTest"/>
  <testcase name="tc12validatecheckoutcredentials" time="1.756" classname="saucelab.CartTest"/>
  <testcase name="tc11CheckoutcartwithSingleItem" time="0.821" classname="saucelab.CartTest"/>
  <testcase name="tc12validatecheckoutcredentials" time="0.535" classname="saucelab.CartTest"/>
  <testcase name="tc09VerifyAddtoCartandRemovecart" time="1.763" classname="saucelab.CartTest"/>
  <testcase name="tc14CancelCheckout" time="2.201" classname="saucelab.CartTest"/>
</testsuite> <!-- saucelab.CartTest -->
