<?xml version="1.0" encoding="UTF-8"?>
<!-- Generated by org.testng.reporters.JUnitReportReporter -->
<testsuite skipped="0" hostname="MYPC" name="saucelab.ProductCart" tests="6" failures="0" timestamp="13 Jul 2021 04:12:37 GMT" time="5.049" errors="0">
  <testcase name="tc6VerifySortZtoA" time="0.663" classname="saucelab.ProductCart"/>
  <testcase name="tc4VerifyProductDetails" time="2.400" classname="saucelab.ProductCart"/>
  <testcase name="tc5VerifySortAtoZ" time="0.858" classname="saucelab.ProductCart"/>
  <testcase name="tc7VerifyPriceLowtoHigh" time="0.383" classname="saucelab.ProductCart"/>
  <testcase name="tc8VerifyPriceHightoLow" time="0.368" classname="saucelab.ProductCart"/>
  <testcase name="tc3VerifyProductlist" time="0.377" classname="saucelab.ProductCart"/>
</testsuite> <!-- saucelab.ProductCart -->
